[path] === Examining /home/abiswas/nedm/simmaps/metglas1mm_axial1100mm_endcap_SG
[path] Found Fieldmap.txt.
[path] Reading as rotationshield output...
[file] Parsing rotationshield output file...
[file] Reading done.
[calc] Finding data points around desired location...
[calc] Sampling from 1900 points.
[calc] Calculated average Bx as 2.723080 mG.
[calc] Calculated average Bz as 0.000006 mG.
[norm] Field normalized to 30.000000 mG.
[calc] Calculating d{Bx, By, Bz}/dx...
[calc] Calculating d{Bx, By, Bz}/dy...
[calc] Calculating d{Bx, By, Bz}/dz...
[calc] Done.

--- [sim] metglas1mm_axial1100mm_endcap_SG
dBx/dx = -0.266364 uG/cm
dBy/dx = 0.000001 uG/cm
dBz/dx = 0.045143 uG/cm
dBx/dy = -0.000008 uG/cm
dBy/dy = 0.318444 uG/cm
dBz/dy = -0.000015 uG/cm
dBx/dz = 0.065861 uG/cm
dBy/dz = -0.000007 uG/cm
dBz/dz = -0.053899 uG/cm

