[path] === Examining /home/abiswas/nedm/simmaps/metglas1mm_axial1100mm_SG
[path] Found Fieldmap.txt.
[path] Reading as rotationshield output...
[file] Parsing rotationshield output file...
[file] Reading done.
[calc] Finding data points around desired location...
[calc] Sampling from 1900 points.
[calc] Calculated average Bx as 2.722961 mG.
[calc] Calculated average Bz as -0.000002 mG.
[norm] Field normalized to 30.000000 mG.
[calc] Calculating d{Bx, By, Bz}/dx...
[calc] Calculating d{Bx, By, Bz}/dy...
[calc] Calculating d{Bx, By, Bz}/dz...
[calc] Done.

--- [sim] metglas1mm_axial1100mm_SG
dBx/dx = -0.262559 uG/cm
dBy/dx = -0.000045 uG/cm
dBz/dx = -0.015705 uG/cm
dBx/dy = 0.000061 uG/cm
dBy/dy = 0.322694 uG/cm
dBz/dy = -0.000041 uG/cm
dBx/dz = 0.064232 uG/cm
dBy/dz = 0.000023 uG/cm
dBz/dz = -0.061155 uG/cm

