This is pdfTeX, Version 3.1415926-2.5-1.40.14 (TeX Live 2013/Debian) (format=pdflatex 2014.9.10)  13 OCT 2014 22:12
entering extended mode
 restricted \write18 enabled.
 %&-line parsing enabled.
**final_report.tex
(./final_report.tex
LaTeX2e <2011/06/27>
Babel <3.9h> and hyphenation patterns for 78 languages loaded.
(/usr/share/texlive/texmf-dist/tex/latex/revtex/revtex4-1.cls
Document Class: revtex4-1 2010/07/25/20:33:00 4.1r (http://publish.aps.org/revt
ex4/ for documentation)
 Copyright (c) 2009 The American Physical Society.
 mailto:revtex@aps.org
 Licensed under the LPPL:
http://www.ctan.org/tex-archive/macros/latex/base/lppl.txt
 Arthur Ogawa <arthur_ogawa at sbcglobal dot net>
 Based on work by David Carlisle <david at dcarlisle.demon.co.uk>.
ltxutil[2010/07/25/20:33:00 4.1r utilities package (portions licensed from W. E
. Baxter web at superscript.com)]
LaTeX Info: Redefining \@centercr on input line 308.
Class revtex4-1 Info: Repairing broken LaTeX eqnarray on input line 358.
\eqncolsep=\skip41
Class revtex4-1 Info: Repairing hyperref-unfriendly LaTeX definition of \mpfoot
note on input line 433.
Class revtex4-1 Info: Repairing broken LateX \@sect on input line 755.
\intertabularlinepenalty=\count79
\@tbpen=\count80
\@arstrutbox@hline=\box26
Class revtex4-1 Info: Repairing broken LaTeX \@xbitor on input line 1786.
Class revtex4-1 Info: Making \typeout \long on input line 2046.
ltxfront[2010/07/25/20:33:00 4.1r frontmatter package (AO,DPC)]
\c@affil=\count81
\c@collab=\count82
\absbox=\box27
ltxgrid[2010/07/25/20:33:00 4.1r page grid package (portions licensed from W. E
. Baxter web at superscript.com)]
\c@linecount=\count83
\output@latex=\toks14
\box@size@1=\box28
\box@size@2=\box29
\@protection@box=\box30
\@topmark@saved=\toks15
\footins@saved=\box31
\footins@recovered=\box32
\column@recovered=\box33
\pagesofar=\box34
\footsofar=\box35
\pagegrid@col=\count84
Class revtex4-1 Info: Overriding \@vspace, \@vspacer, \@no@pgbk, \@newline, and
 \\  on input line 5578.
\c@part=\count85
\c@section=\count86
\c@subsection=\count87
\c@subsubsection=\count88
\c@paragraph=\count89
\c@subparagraph=\count90
\abovecaptionskip=\skip42
\belowcaptionskip=\skip43
\c@figure=\count91
\fbox@1=\box36
\c@table=\count92
\fbox@2=\box37
\c@video=\count93
\fbox@4=\box38
\@bibdataout=\write3
\widetext@top=\box39
\widetext@bot=\box40
Class revtex4-1 Info: Selecting society aps on input line 7542.
(/usr/share/texlive/texmf-dist/tex/latex/revtex/aps4-1.rtx
File: aps4-1 2010/07/25/20:33:00 4.1r (http://publish.aps.org/revtex4/ for docu
mentation)
Class revtex4-1 Info: RevTeX society APS selected on input line 31.
)
Class revtex4-1 Info: Selecting journal prb on input line 7544.
Class revtex4-1 Info: APS journal PRB selected on input line 7545.


Class revtex4-1 Warning: No type size specified, using default 10.

(/usr/share/texlive/texmf-dist/tex/latex/revtex/aps10pt4-1.rtx
File: aps10pt4-1 2010/07/25/20:33:00 4.1r (http://publish.aps.org/revtex4/ for 
documentation)
Class revtex4-1 Info: RevTeX pointsize 10pt selected on input line 30.
)
(/usr/share/texlive/texmf-dist/tex/latex/textcase/textcase.sty
Package: textcase 2004/10/07 v0.07 Text only upper/lower case changing (DPC)
)
(/usr/share/texlive/texmf-dist/tex/latex/url/url.sty
\Urlmuskip=\muskip10
Package: url 2013/09/16  ver 3.4  Verb mode for urls, etc.
)
(/usr/share/texlive/texmf-dist/tex/latex/natbib/natbib.sty
Package: natbib 2010/09/13 8.31b (PWD, AO)
\bibhang=\skip44
\bibsep=\skip45
LaTeX Info: Redefining \cite on input line 694.
\c@NAT@ctr=\count94
)
Class revtex4-1 Info: Repairing natbib's \BibitemShut on input line 7549.

(/usr/share/texlive/texmf-dist/tex/latex/revtex/revsymb4-1.sty
Package: revsymb4-1 2010/07/25/20:33:00 4.1r (http://publish.aps.org/revtex4/ f
or documentation)
LaTeX Info: Redefining \REV@mathfrak on input line 119.
))
(/usr/share/texlive/texmf-dist/tex/latex/graphics/graphicx.sty
Package: graphicx 1999/02/16 v1.0f Enhanced LaTeX Graphics (DPC,SPQR)

(/usr/share/texlive/texmf-dist/tex/latex/graphics/keyval.sty
Package: keyval 1999/03/16 v1.13 key=value parser (DPC)
\KV@toks@=\toks16
)
(/usr/share/texlive/texmf-dist/tex/latex/graphics/graphics.sty
Package: graphics 2009/02/05 v1.0o Standard LaTeX Graphics (DPC,SPQR)

(/usr/share/texlive/texmf-dist/tex/latex/graphics/trig.sty
Package: trig 1999/03/16 v1.09 sin cos tan (DPC)
)
(/usr/share/texlive/texmf-dist/tex/latex/latexconfig/graphics.cfg
File: graphics.cfg 2010/04/23 v1.9 graphics configuration of TeX Live
)
Package graphics Info: Driver file: pdftex.def on input line 91.

(/usr/share/texlive/texmf-dist/tex/latex/pdftex-def/pdftex.def
File: pdftex.def 2011/05/27 v0.06d Graphics/color for pdfTeX

(/usr/share/texlive/texmf-dist/tex/generic/oberdiek/infwarerr.sty
Package: infwarerr 2010/04/08 v1.3 Providing info/warning/error messages (HO)
)
(/usr/share/texlive/texmf-dist/tex/generic/oberdiek/ltxcmds.sty
Package: ltxcmds 2011/11/09 v1.22 LaTeX kernel commands for general use (HO)
)
\Gread@gobject=\count95
))
\Gin@req@height=\dimen102
\Gin@req@width=\dimen103
)
(/usr/share/texlive/texmf-dist/tex/latex/amsmath/amsmath.sty
Package: amsmath 2013/01/14 v2.14 AMS math features
\@mathmargin=\skip46

For additional information on amsmath, use the `?' option.
(/usr/share/texlive/texmf-dist/tex/latex/amsmath/amstext.sty
Package: amstext 2000/06/29 v2.01

(/usr/share/texlive/texmf-dist/tex/latex/amsmath/amsgen.sty
File: amsgen.sty 1999/11/30 v2.0
\@emptytoks=\toks17
\ex@=\dimen104
)
LaTeX Info: Redefining \text on input line 39.
)
(/usr/share/texlive/texmf-dist/tex/latex/amsmath/amsbsy.sty
Package: amsbsy 1999/11/29 v1.2d
\pmbraise@=\dimen105
)
(/usr/share/texlive/texmf-dist/tex/latex/amsmath/amsopn.sty
Package: amsopn 1999/12/14 v2.01 operator names
)
\inf@bad=\count96
LaTeX Info: Redefining \frac on input line 210.
\uproot@=\count97
\leftroot@=\count98
LaTeX Info: Redefining \overline on input line 306.
\classnum@=\count99
\DOTSCASE@=\count100
LaTeX Info: Redefining \ldots on input line 378.
LaTeX Info: Redefining \dots on input line 381.
LaTeX Info: Redefining \cdots on input line 466.
\Mathstrutbox@=\box41
\strutbox@=\box42
\big@size=\dimen106
LaTeX Font Info:    Redeclaring font encoding OML on input line 566.
LaTeX Font Info:    Redeclaring font encoding OMS on input line 567.
\macc@depth=\count101
\c@MaxMatrixCols=\count102
\dotsspace@=\muskip11
\c@parentequation=\count103
\dspbrk@lvl=\count104
\tag@help=\toks18
\row@=\count105
\column@=\count106
\maxfields@=\count107
\andhelp@=\toks19
\eqnshift@=\dimen107
\alignsep@=\dimen108
\tagshift@=\dimen109
\tagwidth@=\dimen110
\totwidth@=\dimen111
\lineht@=\dimen112
\@envbody=\toks20
\multlinegap=\skip47
\multlinetaggap=\skip48
\mathdisplay@stack=\toks21
LaTeX Info: Redefining \[ on input line 2665.
LaTeX Info: Redefining \] on input line 2666.
)
(/usr/share/texlive/texmf-dist/tex/latex/amsfonts/amssymb.sty
Package: amssymb 2013/01/14 v3.01 AMS font symbols

(/usr/share/texlive/texmf-dist/tex/latex/amsfonts/amsfonts.sty
Package: amsfonts 2013/01/14 v3.01 Basic AMSFonts support
\symAMSa=\mathgroup4
\symAMSb=\mathgroup5
LaTeX Font Info:    Overwriting math alphabet `\mathfrak' in version `bold'
(Font)                  U/euf/m/n --> U/euf/b/n on input line 106.
LaTeX Info: Redefining \frak on input line 111.
LaTeX Info: Redefining \Bbb on input line 113.
))
(/usr/share/texlive/texmf-dist/tex/latex/caption/subcaption.sty
Package: subcaption 2013/02/03 v1.1-62 Sub-captions (AR)

(/usr/share/texlive/texmf-dist/tex/latex/caption/caption.sty
Package: caption 2013/05/02 v3.3-89 Customizing captions (AR)

(/usr/share/texlive/texmf-dist/tex/latex/caption/caption3.sty
Package: caption3 2013/05/02 v1.6-88 caption3 kernel (AR)
Package caption3 Info: TeX engine: e-TeX on input line 57.
\captionmargin=\dimen113
\captionmargin@=\dimen114
\captionwidth=\dimen115
\caption@tempdima=\dimen116
\caption@indent=\dimen117
\caption@parindent=\dimen118
\caption@hangindent=\dimen119
Package caption Info: Unknown document class (or package),
(caption)             standard defaults will be used.
)

Package caption Warning: Unsupported document class (or package) detected,
(caption)                usage of the caption package is not recommended.
See the caption package documentation for explanation.

Package caption Info: \@makecaption = \long macro:#1#2->\par \vskip \abovecapti
onskip \begingroup \small \rmfamily \sbox \@tempboxa {\let \\\heading@cr \@make
@capt@title {#1}{#2}}\@ifdim {\wd \@tempboxa >\hsize }{\begingroup \samepage \f
lushing \let \footnote \@footnotemark@gobble \@make@capt@title {#1}{#2}\par \en
dgroup }{\global \@minipagefalse \hb@xt@ \hsize {\hfil \unhbox \@tempboxa \hfil
 }}\endgroup \vskip \belowcaptionskip .
\c@ContinuedFloat=\count108
)
\c@subfigure=\count109
\c@subtable=\count110
) (/usr/share/texlive/texmf-dist/tex/latex/tools/tabularx.sty
Package: tabularx 1999/01/07 v2.07 `tabularx' package (DPC)

(/usr/share/texlive/texmf-dist/tex/latex/tools/array.sty
Package: array 2008/09/09 v2.4c Tabular extension package (FMi)
\col@sep=\dimen120
\extrarowheight=\dimen121
\NC@list=\toks22
\extratabsurround=\skip49
\backup@length=\skip50
)
\TX@col@width=\dimen122
\TX@old@table=\dimen123
\TX@old@col=\dimen124
\TX@target=\dimen125
\TX@delta=\dimen126
\TX@cols=\count111
\TX@ftn=\toks23
)
Class revtex4-1 Info: Patching array package. on input line 4.
Class revtex4-1 Info: Robustifying \LaTeX's \boldmath command on input line 4.
Class revtex4-1 Info: cite was not loaded (OK!) on input line 4.
Class revtex4-1 Info: mcite was not loaded (OK!) on input line 4.
Class revtex4-1 Info: multicol was not loaded (OK!) on input line 4.
 (./final_report.aux)
\openout1 = `final_report.aux'.

LaTeX Font Info:    Checking defaults for OML/cmm/m/it on input line 4.
LaTeX Font Info:    ... okay on input line 4.
LaTeX Font Info:    Checking defaults for T1/cmr/m/n on input line 4.
LaTeX Font Info:    ... okay on input line 4.
LaTeX Font Info:    Checking defaults for OT1/cmr/m/n on input line 4.
LaTeX Font Info:    ... okay on input line 4.
LaTeX Font Info:    Checking defaults for OMS/cmsy/m/n on input line 4.
LaTeX Font Info:    ... okay on input line 4.
LaTeX Font Info:    Checking defaults for OMX/cmex/m/n on input line 4.
LaTeX Font Info:    ... okay on input line 4.
LaTeX Font Info:    Checking defaults for U/cmr/m/n on input line 4.
LaTeX Font Info:    ... okay on input line 4.
(/usr/share/texlive/texmf-dist/tex/context/base/supp-pdf.mkii
[Loading MPS to PDF converter (version 2006.09.02).]
\scratchcounter=\count112
\scratchdimen=\dimen127
\scratchbox=\box43
\nofMPsegments=\count113
\nofMParguments=\count114
\everyMPshowfont=\toks24
\MPscratchCnt=\count115
\MPscratchDim=\dimen128
\MPnumerator=\count116
\makeMPintoPDFobject=\count117
\everyMPtoPDFconversion=\toks25
) (/usr/share/texlive/texmf-dist/tex/generic/oberdiek/pdftexcmds.sty
Package: pdftexcmds 2011/11/29 v0.20 Utility functions of pdfTeX for LuaTeX (HO
)

(/usr/share/texlive/texmf-dist/tex/generic/oberdiek/ifluatex.sty
Package: ifluatex 2010/03/01 v1.3 Provides the ifluatex switch (HO)
Package ifluatex Info: LuaTeX not detected.
)
(/usr/share/texlive/texmf-dist/tex/generic/oberdiek/ifpdf.sty
Package: ifpdf 2011/01/30 v2.3 Provides the ifpdf switch (HO)
Package ifpdf Info: pdfTeX in PDF mode is detected.
)
Package pdftexcmds Info: LuaTeX not detected.
Package pdftexcmds Info: \pdf@primitive is available.
Package pdftexcmds Info: \pdf@ifprimitive is available.
Package pdftexcmds Info: \pdfdraftmode found.
)
(/usr/share/texlive/texmf-dist/tex/latex/oberdiek/epstopdf-base.sty
Package: epstopdf-base 2010/02/09 v2.5 Base part for package epstopdf

(/usr/share/texlive/texmf-dist/tex/latex/oberdiek/grfext.sty
Package: grfext 2010/08/19 v1.1 Manage graphics extensions (HO)

(/usr/share/texlive/texmf-dist/tex/generic/oberdiek/kvdefinekeys.sty
Package: kvdefinekeys 2011/04/07 v1.3 Define keys (HO)
))
(/usr/share/texlive/texmf-dist/tex/latex/oberdiek/kvoptions.sty
Package: kvoptions 2011/06/30 v3.11 Key value format for package options (HO)

(/usr/share/texlive/texmf-dist/tex/generic/oberdiek/kvsetkeys.sty
Package: kvsetkeys 2012/04/25 v1.16 Key value parser (HO)

(/usr/share/texlive/texmf-dist/tex/generic/oberdiek/etexcmds.sty
Package: etexcmds 2011/02/16 v1.5 Avoid name clashes with e-TeX commands (HO)
Package etexcmds Info: Could not find \expanded.
(etexcmds)             That can mean that you are not using pdfTeX 1.50 or
(etexcmds)             that some package has redefined \expanded.
(etexcmds)             In the latter case, load this package earlier.
)))
Package grfext Info: Graphics extension search list:
(grfext)             [.png,.pdf,.jpg,.mps,.jpeg,.jbig2,.jb2,.PNG,.PDF,.JPG,.JPE
G,.JBIG2,.JB2,.eps]
(grfext)             \AppendGraphicsExtensions on input line 452.

(/usr/share/texlive/texmf-dist/tex/latex/latexconfig/epstopdf-sys.cfg
File: epstopdf-sys.cfg 2010/07/13 v1.3 Configuration of (r)epstopdf for TeX Liv
e
))
Package caption Info: Begin \AtBeginDocument code.
Package caption Info: End \AtBeginDocument code.
\openout3 = `final_reportNotes.bib'.

LaTeX Font Info:    Try loading font information for U+msa on input line 35.

(/usr/share/texlive/texmf-dist/tex/latex/amsfonts/umsa.fd
File: umsa.fd 2013/01/14 v3.01 AMS symbols A
)
LaTeX Font Info:    Try loading font information for U+msb on input line 35.

(/usr/share/texlive/texmf-dist/tex/latex/amsfonts/umsb.fd
File: umsb.fd 2013/01/14 v3.01 AMS symbols B
)
Package epstopdf Info: Source file: <figures/structure.eps>
(epstopdf)                    date: 2014-09-09 03:20:39
(epstopdf)                    size: 195916 bytes
(epstopdf)             Output file: <figures/structure-eps-converted-to.pdf>
(epstopdf)                    date: 2014-09-09 03:20:39
(epstopdf)                    size: 106670 bytes
(epstopdf)             Command: <repstopdf --outfile=figures/structure-eps-conv
erted-to.pdf figures/structure.eps>
(epstopdf)             \includegraphics on input line 63.
Package epstopdf Info: Output file is already uptodate.

<figures/structure-eps-converted-to.pdf, id=1, 1824.8175pt x 1646.15pt>
File: figures/structure-eps-converted-to.pdf Graphic file (type pdf)

<use figures/structure-eps-converted-to.pdf>
Package pdftex.def Info: figures/structure-eps-converted-to.pdf used on input l
ine 63.
(pdftex.def)             Requested size: 1824.81306pt x 1646.146pt.
 [1{/var/lib/texmf/fonts/map/pdftex/updmap/pdftex.map} <./figures/structure-eps
-converted-to.pdf>]
Underfull \hbox (badness 10000) in paragraph at lines 100--110
[]\OT1/cmr/m/n/10 Simulations of the half-scale model with
 []


Underfull \hbox (badness 2443) in paragraph at lines 100--110
\OT1/cmtt/m/n/10 RotationShield\OT1/cmr/m/n/10 , a ma-trix solver de-vel-oped p
re-vi-
 []

Package epstopdf Info: Source file: <figures/field_noendcap.eps>
(epstopdf)                    date: 2014-09-09 03:20:39
(epstopdf)                    size: 10768 bytes
(epstopdf)             Output file: <figures/field_noendcap-eps-converted-to.pd
f>
(epstopdf)                    date: 2014-09-23 17:30:25
(epstopdf)                    size: 4305 bytes
(epstopdf)             Command: <repstopdf --outfile=figures/field_noendcap-eps
-converted-to.pdf figures/field_noendcap.eps>
(epstopdf)             \includegraphics on input line 112.
Package epstopdf Info: Output file is already uptodate.

<figures/field_noendcap-eps-converted-to.pdf, id=19, 436.63126pt x 559.08875pt>
File: figures/field_noendcap-eps-converted-to.pdf Graphic file (type pdf)
<use figures/field_noendcap-eps-converted-to.pdf>
Package pdftex.def Info: figures/field_noendcap-eps-converted-to.pdf used on in
put line 112.
(pdftex.def)             Requested size: 178.50311pt x 228.56244pt.
Package epstopdf Info: Source file: <figures/field_endcap.eps>
(epstopdf)                    date: 2014-09-09 03:20:39
(epstopdf)                    size: 10803 bytes
(epstopdf)             Output file: <figures/field_endcap-eps-converted-to.pdf>

(epstopdf)                    date: 2014-09-23 17:32:26
(epstopdf)                    size: 4156 bytes
(epstopdf)             Command: <repstopdf --outfile=figures/field_endcap-eps-c
onverted-to.pdf figures/field_endcap.eps>
(epstopdf)             \includegraphics on input line 114.
Package epstopdf Info: Output file is already uptodate.

<figures/field_endcap-eps-converted-to.pdf, id=20, 436.63126pt x 501.875pt>
File: figures/field_endcap-eps-converted-to.pdf Graphic file (type pdf)

<use figures/field_endcap-eps-converted-to.pdf>
Package pdftex.def Info: figures/field_endcap-eps-converted-to.pdf used on inpu
t line 114.
(pdftex.def)             Requested size: 178.50311pt x 205.17274pt.
Package epstopdf Info: Source file: <figures/Bz_z_sim.eps>
(epstopdf)                    date: 2014-09-24 14:06:47
(epstopdf)                    size: 55521 bytes
(epstopdf)             Output file: <figures/Bz_z_sim-eps-converted-to.pdf>
(epstopdf)                    date: 2014-09-24 14:08:35
(epstopdf)                    size: 55902 bytes
(epstopdf)             Command: <repstopdf --outfile=figures/Bz_z_sim-eps-conve
rted-to.pdf figures/Bz_z_sim.eps>
(epstopdf)             \includegraphics on input line 121.
Package epstopdf Info: Output file is already uptodate.

<figures/Bz_z_sim-eps-converted-to.pdf, id=21, 718.685pt x 398.48875pt>
File: figures/Bz_z_sim-eps-converted-to.pdf Graphic file (type pdf)

<use figures/Bz_z_sim-eps-converted-to.pdf>
Package pdftex.def Info: figures/Bz_z_sim-eps-converted-to.pdf used on input li
ne 121.
(pdftex.def)             Requested size: 510.0pt x 282.78914pt.
 [2] [3 <./figures/field_noendcap-eps-converted-to.pdf> <./figures/field_endcap
-eps-converted-to.pdf> <./figures/Bz_z_sim-eps-converted-to.pdf>]
Package epstopdf Info: Source file: <figures/probe_tilt.eps>
(epstopdf)                    date: 2014-09-09 03:20:39
(epstopdf)                    size: 10015 bytes
(epstopdf)             Output file: <figures/probe_tilt-eps-converted-to.pdf>
(epstopdf)                    date: 2014-09-09 03:20:39
(epstopdf)                    size: 5352 bytes
(epstopdf)             Command: <repstopdf --outfile=figures/probe_tilt-eps-con
verted-to.pdf figures/probe_tilt.eps>
(epstopdf)             \includegraphics on input line 187.
Package epstopdf Info: Output file is already uptodate.

<figures/probe_tilt-eps-converted-to.pdf, id=92, 549.05125pt x 262.9825pt>
File: figures/probe_tilt-eps-converted-to.pdf Graphic file (type pdf)

<use figures/probe_tilt-eps-converted-to.pdf>
Package pdftex.def Info: figures/probe_tilt-eps-converted-to.pdf used on input 
line 187.
(pdftex.def)             Requested size: 229.49844pt x 109.9222pt.
Package epstopdf Info: Source file: <figures/normnorm_comp.eps>
(epstopdf)                    date: 2014-09-24 14:57:58
(epstopdf)                    size: 56252 bytes
(epstopdf)             Output file: <figures/normnorm_comp-eps-converted-to.pdf
>
(epstopdf)                    date: 2014-09-24 15:02:26
(epstopdf)                    size: 51751 bytes
(epstopdf)             Command: <repstopdf --outfile=figures/normnorm_comp-eps-
converted-to.pdf figures/normnorm_comp.eps>
(epstopdf)             \includegraphics on input line 226.
Package epstopdf Info: Output file is already uptodate.

<figures/normnorm_comp-eps-converted-to.pdf, id=93, 718.685pt x 398.48875pt>
File: figures/normnorm_comp-eps-converted-to.pdf Graphic file (type pdf)

<use figures/normnorm_comp-eps-converted-to.pdf>
Package pdftex.def Info: figures/normnorm_comp-eps-converted-to.pdf used on inp
ut line 226.
(pdftex.def)             Requested size: 510.0pt x 282.78914pt.
Package epstopdf Info: Source file: <figures/SCnorm_comp.eps>
(epstopdf)                    date: 2014-09-24 15:00:08
(epstopdf)                    size: 70967 bytes
(epstopdf)             Output file: <figures/SCnorm_comp-eps-converted-to.pdf>
(epstopdf)                    date: 2014-09-24 15:02:26
(epstopdf)                    size: 69476 bytes
(epstopdf)             Command: <repstopdf --outfile=figures/SCnorm_comp-eps-co
nverted-to.pdf figures/SCnorm_comp.eps>
(epstopdf)             \includegraphics on input line 241.
Package epstopdf Info: Output file is already uptodate.

<figures/SCnorm_comp-eps-converted-to.pdf, id=94, 718.685pt x 398.48875pt>
File: figures/SCnorm_comp-eps-converted-to.pdf Graphic file (type pdf)

<use figures/SCnorm_comp-eps-converted-to.pdf>
Package pdftex.def Info: figures/SCnorm_comp-eps-converted-to.pdf used on input
 line 241.
(pdftex.def)             Requested size: 510.0pt x 282.78914pt.
Package epstopdf Info: Source file: <figures/axial_effect.eps>
(epstopdf)                    date: 2014-09-09 03:20:40
(epstopdf)                    size: 62278 bytes
(epstopdf)             Output file: <figures/axial_effect-eps-converted-to.pdf>

(epstopdf)                    date: 2014-09-24 14:48:00
(epstopdf)                    size: 73061 bytes
(epstopdf)             Command: <repstopdf --outfile=figures/axial_effect-eps-c
onverted-to.pdf figures/axial_effect.eps>
(epstopdf)             \includegraphics on input line 262.
Package epstopdf Info: Output file is already uptodate.

<figures/axial_effect-eps-converted-to.pdf, id=95, 718.685pt x 400.49625pt>
File: figures/axial_effect-eps-converted-to.pdf Graphic file (type pdf)

<use figures/axial_effect-eps-converted-to.pdf>
Package pdftex.def Info: figures/axial_effect-eps-converted-to.pdf used on inpu
t line 262.
(pdftex.def)             Requested size: 510.0pt x 284.21378pt.
Package epstopdf Info: Source file: <figures/axial_effect_endcap.eps>
(epstopdf)                    date: 2014-09-09 03:20:40
(epstopdf)                    size: 66203 bytes
(epstopdf)             Output file: <figures/axial_effect_endcap-eps-converted-
to.pdf>
(epstopdf)                    date: 2014-09-24 14:51:46
(epstopdf)                    size: 76556 bytes
(epstopdf)             Command: <repstopdf --outfile=figures/axial_effect_endca
p-eps-converted-to.pdf figures/axial_effect_endcap.eps>
(epstopdf)             \includegraphics on input line 281.
Package epstopdf Info: Output file is already uptodate.

<figures/axial_effect_endcap-eps-converted-to.pdf, id=96, 718.685pt x 400.49625
pt>
File: figures/axial_effect_endcap-eps-converted-to.pdf Graphic file (type pdf)
 <use figures/axial_effect_endcap-eps-converted-to.pdf>
Package pdftex.def Info: figures/axial_effect_endcap-eps-converted-to.pdf used 
on input line 281.
(pdftex.def)             Requested size: 510.0pt x 284.21378pt.
Package epstopdf Info: Source file: <figures/SCSC_comp.eps>
(epstopdf)                    date: 2014-09-24 15:02:13
(epstopdf)                    size: 61177 bytes
(epstopdf)             Output file: <figures/SCSC_comp-eps-converted-to.pdf>
(epstopdf)                    date: 2014-09-24 15:02:27
(epstopdf)                    size: 55509 bytes
(epstopdf)             Command: <repstopdf --outfile=figures/SCSC_comp-eps-conv
erted-to.pdf figures/SCSC_comp.eps>
(epstopdf)             \includegraphics on input line 292.
Package epstopdf Info: Output file is already uptodate.

<figures/SCSC_comp-eps-converted-to.pdf, id=97, 718.685pt x 398.48875pt>
File: figures/SCSC_comp-eps-converted-to.pdf Graphic file (type pdf)

<use figures/SCSC_comp-eps-converted-to.pdf>
Package pdftex.def Info: figures/SCSC_comp-eps-converted-to.pdf used on input l
ine 292.
(pdftex.def)             Requested size: 510.0pt x 282.78914pt.
 [4 <./figures/probe_tilt-eps-converted-to.pdf>] [5 <./figures/normnorm_comp-ep
s-converted-to.pdf> <./figures/SCnorm_comp-eps-converted-to.pdf>]

LaTeX Warning: A float is stuck (cannot be placed); try class option [floatfix]
 on input line 296.

[6 <./figures/axial_effect-eps-converted-to.pdf> <./figures/axial_effect_endcap
-eps-converted-to.pdf>]
Missing character: There is no â in font cmr9!
Missing character: There is no € in font cmr9!
Missing character: There is no “ in font cmr9!

No file final_report.bbl.

Underfull \hbox (badness 10000) in paragraph at lines 358--359
 []\OT1/cmr/m/n/9 Mendenhall, M. P. \OT1/cmtt/m/n/9 RotationShield \OT1/cmr/m/n
/9 source.
 []


Underfull \hbox (badness 10000) in paragraph at lines 358--359
 \OMS/cmsy/m/n/9 h$\OT1/cmr/m/n/9 https://github.com/mpmendenhall/rotationshiel
d$\OMS/cmsy/m/n/9 i$
 []

[7] [8 <./figures/SCSC_comp-eps-converted-to.pdf>] (./final_report.aux) ) 
Here is how much of TeX's memory you used:
 5607 strings out of 493304
 80136 string characters out of 6139871
 166372 words of memory out of 5000000
 8988 multiletter control sequences out of 15000+600000
 10034 words of font info for 40 fonts, out of 8000000 for 9000
 957 hyphenation exceptions out of 8191
 42i,9n,44p,527b,503s stack positions out of 5000i,500n,10000p,200000b,80000s
</usr/
share/texlive/texmf-dist/fonts/type1/public/amsfonts/cm/cmbx12.pfb></usr/share/
texlive/texmf-dist/fonts/type1/public/amsfonts/cm/cmbx9.pfb></usr/share/texlive
/texmf-dist/fonts/type1/public/amsfonts/cm/cmmi10.pfb></usr/share/texlive/texmf
-dist/fonts/type1/public/amsfonts/cm/cmmi5.pfb></usr/share/texlive/texmf-dist/f
onts/type1/public/amsfonts/cm/cmmi6.pfb></usr/share/texlive/texmf-dist/fonts/ty
pe1/public/amsfonts/cm/cmmi7.pfb></usr/share/texlive/texmf-dist/fonts/type1/pub
lic/amsfonts/cm/cmmi9.pfb></usr/share/texlive/texmf-dist/fonts/type1/public/ams
fonts/cm/cmr10.pfb></usr/share/texlive/texmf-dist/fonts/type1/public/amsfonts/c
m/cmr6.pfb></usr/share/texlive/texmf-dist/fonts/type1/public/amsfonts/cm/cmr7.p
fb></usr/share/texlive/texmf-dist/fonts/type1/public/amsfonts/cm/cmr9.pfb></usr
/share/texlive/texmf-dist/fonts/type1/public/amsfonts/cm/cmsy10.pfb></usr/share
/texlive/texmf-dist/fonts/type1/public/amsfonts/cm/cmsy5.pfb></usr/share/texliv
e/texmf-dist/fonts/type1/public/amsfonts/cm/cmsy7.pfb></usr/share/texlive/texmf
-dist/fonts/type1/public/amsfonts/cm/cmsy9.pfb></usr/share/texlive/texmf-dist/f
onts/type1/public/amsfonts/cm/cmti9.pfb></usr/share/texlive/texmf-dist/fonts/ty
pe1/public/amsfonts/cm/cmtt10.pfb></usr/share/texlive/texmf-dist/fonts/type1/pu
blic/amsfonts/cm/cmtt9.pfb>
Output written on final_report.pdf (8 pages, 685632 bytes).
PDF statistics:
 512 PDF objects out of 1000 (max. 8388607)
 118 compressed objects within 2 object streams
 0 named destinations out of 1000 (max. 500000)
 51 words of extra memory for PDF output out of 10000 (max. 10000000)

