[path] === Examining /home/abiswas/nedm/simmaps/metglas2cm_axial1100mm_endcap_SG
[path] Found Fieldmap.txt.
[path] Reading as rotationshield output...
[file] Parsing rotationshield output file...
[file] Reading done.
[calc] Finding data points around desired location...
[calc] Sampling from 1900 points.
[calc] Calculated average Bx as 2.896552 mG.
[calc] Calculated average Bz as 0.000012 mG.
[norm] Field normalized to 30.000000 mG.
[calc] Calculating d{Bx, By, Bz}/dx...
[calc] Calculating d{Bx, By, Bz}/dy...
[calc] Calculating d{Bx, By, Bz}/dz...
[calc] Done.

--- [sim] metglas2cm_axial1100mm_endcap_SG
dBx/dx = -0.285310 uG/cm
dBy/dx = -0.000221 uG/cm
dBz/dx = 0.085536 uG/cm
dBx/dy = 0.000078 uG/cm
dBy/dy = 0.286346 uG/cm
dBz/dy = 0.000025 uG/cm
dBx/dz = -0.866260 uG/cm
dBy/dz = 0.000260 uG/cm
dBz/dz = -0.010763 uG/cm

