[path] === Examining /home/abiswas/nedm/simmaps/metglas5mm_axial1100mm_endcap_SG
[path] Found Fieldmap.txt.
[path] Reading as rotationshield output...
[file] Parsing rotationshield output file...
[file] Reading done.
[calc] Finding data points around desired location...
[calc] Sampling from 1900 points.
[calc] Calculated average Bx as 2.782826 mG.
[calc] Calculated average Bz as 0.000004 mG.
[norm] Field normalized to 30.000000 mG.
[calc] Calculating d{Bx, By, Bz}/dx...
[calc] Calculating d{Bx, By, Bz}/dy...
[calc] Calculating d{Bx, By, Bz}/dz...
[calc] Done.

--- [sim] metglas5mm_axial1100mm_endcap_SG
dBx/dx = -0.290683 uG/cm
dBy/dx = -0.000115 uG/cm
dBz/dx = 0.030903 uG/cm
dBx/dy = 0.000009 uG/cm
dBy/dy = 0.315975 uG/cm
dBz/dy = 0.000001 uG/cm
dBx/dz = -0.028932 uG/cm
dBy/dz = -0.000021 uG/cm
dBz/dz = -0.037189 uG/cm

